<?xml version="1.0" encoding="UTF-8"?>
<testng-results ignored="0" total="2" passed="2" failed="0" skipped="0">
  <reporter-output>
  </reporter-output>
  <suite started-at="2026-01-28T10:22:48 IST" name="Default suite" finished-at="2026-01-28T10:23:48 IST" duration-ms="60224">
    <groups>
    </groups>
    <test started-at="2026-01-28T10:22:48 IST" name="Default test" finished-at="2026-01-28T10:23:48 IST" duration-ms="60224">
      <class name="seleniumpac.lab8">
        <test-method is-config="true" signature="beforeSuite()[pri:0, instance:seleniumpac.lab8@6ad82709]" started-at="2026-01-28T10:22:48 IST" name="beforeSuite" finished-at="2026-01-28T10:22:48 IST" duration-ms="17" status="PASS">
          <reporter-output>
          </reporter-output>
        </test-method> <!-- beforeSuite -->
        <test-method is-config="true" signature="beforeTest()[pri:0, instance:seleniumpac.lab8@6ad82709]" started-at="2026-01-28T10:22:48 IST" name="beforeTest" finished-at="2026-01-28T10:22:48 IST" duration-ms="0" status="PASS">
          <reporter-output>
          </reporter-output>
        </test-method> <!-- beforeTest -->
        <test-method is-config="true" signature="beforeClass()[pri:0, instance:seleniumpac.lab8@6ad82709]" started-at="2026-01-28T10:22:48 IST" name="beforeClass" finished-at="2026-01-28T10:22:48 IST" duration-ms="1" status="PASS">
          <reporter-output>
          </reporter-output>
        </test-method> <!-- beforeClass -->
        <test-method is-config="true" signature="beforeMethod()[pri:0, instance:seleniumpac.lab8@6ad82709]" started-at="2026-01-28T10:22:48 IST" name="beforeMethod" finished-at="2026-01-28T10:23:27 IST" duration-ms="38924" status="PASS">
          <reporter-output>
          </reporter-output>
        </test-method> <!-- beforeMethod -->
        <test-method signature="f(java.lang.String,java.lang.String)[pri:0, instance:seleniumpac.lab8@6ad82709]" started-at="2026-01-28T10:23:27 IST" name="f" data-provider="dp" finished-at="2026-01-28T10:23:36 IST" duration-ms="8980" status="PASS">
          <params>
            <param index="0">
              <value>
                <![CDATA[Admin]]>
              </value>
            </param>
            <param index="1">
              <value>
                <![CDATA[admin123]]>
              </value>
            </param>
          </params>
          <reporter-output>
          </reporter-output>
        </test-method> <!-- f -->
        <test-method is-config="true" signature="afterMethod()[pri:0, instance:seleniumpac.lab8@6ad82709]" started-at="2026-01-28T10:23:36 IST" name="afterMethod" finished-at="2026-01-28T10:23:36 IST" duration-ms="479" status="PASS">
          <reporter-output>
          </reporter-output>
        </test-method> <!-- afterMethod -->
        <test-method is-config="true" signature="beforeMethod()[pri:0, instance:seleniumpac.lab8@6ad82709]" started-at="2026-01-28T10:23:36 IST" name="beforeMethod" finished-at="2026-01-28T10:23:38 IST" duration-ms="1969" status="PASS">
          <reporter-output>
          </reporter-output>
        </test-method> <!-- beforeMethod -->
        <test-method signature="f(java.lang.String,java.lang.String)[pri:0, instance:seleniumpac.lab8@6ad82709]" started-at="2026-01-28T10:23:38 IST" name="f" data-provider="dp" finished-at="2026-01-28T10:23:47 IST" duration-ms="9205" status="PASS">
          <params>
            <param index="0">
              <value>
                <![CDATA[Ritika]]>
              </value>
            </param>
            <param index="1">
              <value>
                <![CDATA[welcome]]>
              </value>
            </param>
          </params>
          <reporter-output>
          </reporter-output>
        </test-method> <!-- f -->
        <test-method is-config="true" signature="afterMethod()[pri:0, instance:seleniumpac.lab8@6ad82709]" started-at="2026-01-28T10:23:47 IST" name="afterMethod" finished-at="2026-01-28T10:23:48 IST" duration-ms="594" status="PASS">
          <reporter-output>
          </reporter-output>
        </test-method> <!-- afterMethod -->
        <test-method is-config="true" signature="afterClass()[pri:0, instance:seleniumpac.lab8@6ad82709]" started-at="2026-01-28T10:23:48 IST" name="afterClass" finished-at="2026-01-28T10:23:48 IST" duration-ms="0" status="PASS">
          <reporter-output>
          </reporter-output>
        </test-method> <!-- afterClass -->
        <test-method is-config="true" signature="afterTest()[pri:0, instance:seleniumpac.lab8@6ad82709]" started-at="2026-01-28T10:23:48 IST" name="afterTest" finished-at="2026-01-28T10:23:48 IST" duration-ms="1" status="PASS">
          <reporter-output>
          </reporter-output>
        </test-method> <!-- afterTest -->
        <test-method is-config="true" signature="afterSuite()[pri:0, instance:seleniumpac.lab8@6ad82709]" started-at="2026-01-28T10:23:48 IST" name="afterSuite" finished-at="2026-01-28T10:23:48 IST" duration-ms="1" status="PASS">
          <reporter-output>
          </reporter-output>
        </test-method> <!-- afterSuite -->
      </class> <!-- seleniumpac.lab8 -->
    </test> <!-- Default test -->
  </suite> <!-- Default suite -->
</testng-results>
