<?xml version="1.0" encoding="UTF-8"?>
<testng-results ignored="0" total="1" passed="1" failed="0" skipped="0">
  <reporter-output>
  </reporter-output>
  <suite started-at="2026-01-30T09:49:48 IST" name="Default suite" finished-at="2026-01-30T09:49:53 IST" duration-ms="5845">
    <groups>
    </groups>
    <test started-at="2026-01-30T09:49:48 IST" name="Default test" finished-at="2026-01-30T09:49:53 IST" duration-ms="5845">
      <class name="RestAPITesting.GET_User">
        <test-method signature="getuser()[pri:0, instance:RestAPITesting.GET_User@327514f]" started-at="2026-01-30T09:49:48 IST" name="getuser" finished-at="2026-01-30T09:49:53 IST" duration-ms="5759" status="PASS">
          <reporter-output>
          </reporter-output>
        </test-method> <!-- getuser -->
      </class> <!-- RestAPITesting.GET_User -->
    </test> <!-- Default test -->
  </suite> <!-- Default suite -->
</testng-results>
